	.text
	.syntax unified
	.eabi_attribute	67, "2.09"	@ Tag_conformance
	.cpu	cortex-m0
	.eabi_attribute	6, 12	@ Tag_CPU_arch
	.eabi_attribute	7, 77	@ Tag_CPU_arch_profile
	.eabi_attribute	8, 0	@ Tag_ARM_ISA_use
	.eabi_attribute	9, 1	@ Tag_THUMB_ISA_use
	.eabi_attribute	34, 0	@ Tag_CPU_unaligned_access
	.eabi_attribute	17, 1	@ Tag_ABI_PCS_GOT_use
	.eabi_attribute	20, 2	@ Tag_ABI_FP_denormal
	.eabi_attribute	21, 0	@ Tag_ABI_FP_exceptions
	.eabi_attribute	23, 1	@ Tag_ABI_FP_number_model
	.eabi_attribute	24, 1	@ Tag_ABI_align_needed
	.eabi_attribute	25, 1	@ Tag_ABI_align_preserved
	.eabi_attribute	38, 1	@ Tag_ABI_FP_16bit_format
	.eabi_attribute	18, 2	@ Tag_ABI_PCS_wchar_t
	.eabi_attribute	26, 1	@ Tag_ABI_enum_size
	.eabi_attribute	14, 0	@ Tag_ABI_PCS_R9_use
	.file	"sys.c"
	.file	1 "C:\\Keil_v5\\ARM\\ARMCLANG\\Bin\\..\\include" "stdint.h"
	.file	2 "C:\\Users\\nguye\\Desktop\\crc\\SampleCode\\ExampleCode\\NUC240_Software_CRC\\KEIL" "../../../../Library/Device/Nuvoton/NUC230_240/Include\\NUC230_240.h"
	.section	.text.SYS_ClearResetSrc,"ax",%progbits
	.hidden	SYS_ClearResetSrc               @ -- Begin function SYS_ClearResetSrc
	.globl	SYS_ClearResetSrc
	.p2align	2
	.type	SYS_ClearResetSrc,%function
	.code	16                              @ @SYS_ClearResetSrc
	.thumb_func
SYS_ClearResetSrc:
.Lfunc_begin0:
	.file	3 "C:\\Users\\nguye\\Desktop\\crc\\SampleCode\\ExampleCode\\NUC240_Software_CRC\\KEIL" "../../../../Library/StdDriver/src/sys.c"
	.loc	3 46 0                          @ ../../../../Library/StdDriver/src/sys.c:46:0
	.fnstart
	.cfi_sections .debug_frame
	.cfi_startproc
@ %bb.0:
	.pad	#4
	sub	sp, #4
	.cfi_def_cfa_offset 4
	str	r0, [sp]
.Ltmp0:
	.loc	3 47 20 prologue_end            @ ../../../../Library/StdDriver/src/sys.c:47:20
	ldr	r2, [sp]
	ldr	r1, __arm_cp.0_0
	.loc	3 47 17 is_stmt 0               @ ../../../../Library/StdDriver/src/sys.c:47:17
	ldr	r0, [r1]
	orrs	r0, r2
	str	r0, [r1]
	.loc	3 48 1 epilogue_begin is_stmt 1 @ ../../../../Library/StdDriver/src/sys.c:48:1
	add	sp, #4
	bx	lr
.Ltmp1:
	.p2align	2
@ %bb.1:
	.loc	3 0 1 is_stmt 0                 @ ../../../../Library/StdDriver/src/sys.c:0:1
__arm_cp.0_0:
	.long	1342177284                      @ 0x50000004
.Lcpi_end0:
	.size	__arm_cp.0_0, .Lcpi_end0-__arm_cp.0_0
.Lfunc_end0:
	.size	SYS_ClearResetSrc, .Lfunc_end0-SYS_ClearResetSrc
	.cfi_endproc
	.cantunwind
	.fnend
                                        @ -- End function
	.section	.text.SYS_GetBODStatus,"ax",%progbits
	.hidden	SYS_GetBODStatus                @ -- Begin function SYS_GetBODStatus
	.globl	SYS_GetBODStatus
	.p2align	2
	.type	SYS_GetBODStatus,%function
	.code	16                              @ @SYS_GetBODStatus
	.thumb_func
SYS_GetBODStatus:
.Lfunc_begin1:
	.loc	3 59 0 is_stmt 1                @ ../../../../Library/StdDriver/src/sys.c:59:0
	.fnstart
	.cfi_startproc
@ %bb.0:
	ldr	r0, __arm_cp.1_0
.Ltmp2:
	.loc	3 60 18 prologue_end            @ ../../../../Library/StdDriver/src/sys.c:60:18
	ldr	r0, [r0]
	movs	r1, #64
	.loc	3 60 24 is_stmt 0               @ ../../../../Library/StdDriver/src/sys.c:60:24
	ands	r0, r1
	.loc	3 60 12                         @ ../../../../Library/StdDriver/src/sys.c:60:12
	lsrs	r0, r0, #6
	.loc	3 60 5                          @ ../../../../Library/StdDriver/src/sys.c:60:5
	bx	lr
.Ltmp3:
	.p2align	2
@ %bb.1:
	.loc	3 0 5                           @ ../../../../Library/StdDriver/src/sys.c:0:5
__arm_cp.1_0:
	.long	1342177304                      @ 0x50000018
.Lcpi_end1:
	.size	__arm_cp.1_0, .Lcpi_end1-__arm_cp.1_0
.Lfunc_end1:
	.size	SYS_GetBODStatus, .Lfunc_end1-SYS_GetBODStatus
	.cfi_endproc
	.cantunwind
	.fnend
                                        @ -- End function
	.section	.text.SYS_GetResetSrc,"ax",%progbits
	.hidden	SYS_GetResetSrc                 @ -- Begin function SYS_GetResetSrc
	.globl	SYS_GetResetSrc
	.p2align	2
	.type	SYS_GetResetSrc,%function
	.code	16                              @ @SYS_GetResetSrc
	.thumb_func
SYS_GetResetSrc:
.Lfunc_begin2:
	.loc	3 70 0 is_stmt 1                @ ../../../../Library/StdDriver/src/sys.c:70:0
	.fnstart
	.cfi_startproc
@ %bb.0:
	ldr	r0, __arm_cp.2_0
.Ltmp4:
	.loc	3 71 18 prologue_end            @ ../../../../Library/StdDriver/src/sys.c:71:18
	ldr	r0, [r0]
	.loc	3 71 5 is_stmt 0                @ ../../../../Library/StdDriver/src/sys.c:71:5
	bx	lr
.Ltmp5:
	.p2align	2
@ %bb.1:
	.loc	3 0 5                           @ ../../../../Library/StdDriver/src/sys.c:0:5
__arm_cp.2_0:
	.long	1342177284                      @ 0x50000004
.Lcpi_end2:
	.size	__arm_cp.2_0, .Lcpi_end2-__arm_cp.2_0
.Lfunc_end2:
	.size	SYS_GetResetSrc, .Lfunc_end2-SYS_GetResetSrc
	.cfi_endproc
	.cantunwind
	.fnend
                                        @ -- End function
	.section	.text.SYS_IsRegLocked,"ax",%progbits
	.hidden	SYS_IsRegLocked                 @ -- Begin function SYS_IsRegLocked
	.globl	SYS_IsRegLocked
	.p2align	2
	.type	SYS_IsRegLocked,%function
	.code	16                              @ @SYS_IsRegLocked
	.thumb_func
SYS_IsRegLocked:
.Lfunc_begin3:
	.loc	3 82 0 is_stmt 1                @ ../../../../Library/StdDriver/src/sys.c:82:0
	.fnstart
	.cfi_startproc
@ %bb.0:
	ldr	r0, __arm_cp.3_0
.Ltmp6:
	.loc	3 83 19 prologue_end            @ ../../../../Library/StdDriver/src/sys.c:83:19
	ldr	r0, [r0]
	movs	r1, #1
	.loc	3 83 29 is_stmt 0               @ ../../../../Library/StdDriver/src/sys.c:83:29
	ands	r0, r1
	.loc	3 83 12                         @ ../../../../Library/StdDriver/src/sys.c:83:12
	rsbs	r1, r0, #0
	adcs	r0, r1
	.loc	3 83 5                          @ ../../../../Library/StdDriver/src/sys.c:83:5
	bx	lr
.Ltmp7:
	.p2align	2
@ %bb.1:
	.loc	3 0 5                           @ ../../../../Library/StdDriver/src/sys.c:0:5
__arm_cp.3_0:
	.long	1342177536                      @ 0x50000100
.Lcpi_end3:
	.size	__arm_cp.3_0, .Lcpi_end3-__arm_cp.3_0
.Lfunc_end3:
	.size	SYS_IsRegLocked, .Lfunc_end3-SYS_IsRegLocked
	.cfi_endproc
	.cantunwind
	.fnend
                                        @ -- End function
	.section	.text.SYS_ReadPDID,"ax",%progbits
	.hidden	SYS_ReadPDID                    @ -- Begin function SYS_ReadPDID
	.globl	SYS_ReadPDID
	.p2align	1
	.type	SYS_ReadPDID,%function
	.code	16                              @ @SYS_ReadPDID
	.thumb_func
SYS_ReadPDID:
.Lfunc_begin4:
	.loc	3 93 0 is_stmt 1                @ ../../../../Library/StdDriver/src/sys.c:93:0
	.fnstart
	.cfi_startproc
@ %bb.0:
	movs	r0, #5
	lsls	r0, r0, #28
.Ltmp8:
	.loc	3 94 17 prologue_end            @ ../../../../Library/StdDriver/src/sys.c:94:17
	ldr	r0, [r0]
	.loc	3 94 5 is_stmt 0                @ ../../../../Library/StdDriver/src/sys.c:94:5
	bx	lr
.Ltmp9:
.Lfunc_end4:
	.size	SYS_ReadPDID, .Lfunc_end4-SYS_ReadPDID
	.cfi_endproc
	.cantunwind
	.fnend
                                        @ -- End function
	.section	.text.SYS_ResetChip,"ax",%progbits
	.hidden	SYS_ResetChip                   @ -- Begin function SYS_ResetChip
	.globl	SYS_ResetChip
	.p2align	2
	.type	SYS_ResetChip,%function
	.code	16                              @ @SYS_ResetChip
	.thumb_func
SYS_ResetChip:
.Lfunc_begin5:
	.loc	3 104 0 is_stmt 1               @ ../../../../Library/StdDriver/src/sys.c:104:0
	.fnstart
	.cfi_startproc
@ %bb.0:
	ldr	r1, __arm_cp.5_0
.Ltmp10:
	.loc	3 105 18 prologue_end           @ ../../../../Library/StdDriver/src/sys.c:105:18
	ldr	r0, [r1]
	movs	r2, #1
	orrs	r0, r2
	str	r0, [r1]
	.loc	3 106 1                         @ ../../../../Library/StdDriver/src/sys.c:106:1
	bx	lr
.Ltmp11:
	.p2align	2
@ %bb.1:
	.loc	3 0 1 is_stmt 0                 @ ../../../../Library/StdDriver/src/sys.c:0:1
__arm_cp.5_0:
	.long	1342177288                      @ 0x50000008
.Lcpi_end4:
	.size	__arm_cp.5_0, .Lcpi_end4-__arm_cp.5_0
.Lfunc_end5:
	.size	SYS_ResetChip, .Lfunc_end5-SYS_ResetChip
	.cfi_endproc
	.cantunwind
	.fnend
                                        @ -- End function
	.section	.text.SYS_ResetCPU,"ax",%progbits
	.hidden	SYS_ResetCPU                    @ -- Begin function SYS_ResetCPU
	.globl	SYS_ResetCPU
	.p2align	2
	.type	SYS_ResetCPU,%function
	.code	16                              @ @SYS_ResetCPU
	.thumb_func
SYS_ResetCPU:
.Lfunc_begin6:
	.loc	3 115 0 is_stmt 1               @ ../../../../Library/StdDriver/src/sys.c:115:0
	.fnstart
	.cfi_startproc
@ %bb.0:
	ldr	r1, __arm_cp.6_0
.Ltmp12:
	.loc	3 116 18 prologue_end           @ ../../../../Library/StdDriver/src/sys.c:116:18
	ldr	r0, [r1]
	movs	r2, #2
	orrs	r0, r2
	str	r0, [r1]
	.loc	3 117 1                         @ ../../../../Library/StdDriver/src/sys.c:117:1
	bx	lr
.Ltmp13:
	.p2align	2
@ %bb.1:
	.loc	3 0 1 is_stmt 0                 @ ../../../../Library/StdDriver/src/sys.c:0:1
__arm_cp.6_0:
	.long	1342177288                      @ 0x50000008
.Lcpi_end5:
	.size	__arm_cp.6_0, .Lcpi_end5-__arm_cp.6_0
.Lfunc_end6:
	.size	SYS_ResetCPU, .Lfunc_end6-SYS_ResetCPU
	.cfi_endproc
	.cantunwind
	.fnend
                                        @ -- End function
	.section	.text.SYS_ResetModule,"ax",%progbits
	.hidden	SYS_ResetModule                 @ -- Begin function SYS_ResetModule
	.globl	SYS_ResetModule
	.p2align	2
	.type	SYS_ResetModule,%function
	.code	16                              @ @SYS_ResetModule
	.thumb_func
SYS_ResetModule:
.Lfunc_begin7:
	.loc	3 154 0 is_stmt 1               @ ../../../../Library/StdDriver/src/sys.c:154:0
	.fnstart
	.cfi_startproc
@ %bb.0:
	.save	{r4, r5, r7, lr}
	push	{r4, r5, r7, lr}
	.cfi_def_cfa_offset 16
	.cfi_offset lr, -4
	.cfi_offset r7, -8
	.cfi_offset r5, -12
	.cfi_offset r4, -16
	.pad	#4
	sub	sp, #4
	.cfi_def_cfa_offset 20
	str	r0, [sp]
.Ltmp14:
	.loc	3 156 88 prologue_end           @ ../../../../Library/StdDriver/src/sys.c:156:88
	ldr	r0, [sp]
	ldr	r4, __arm_cp.7_0
	.loc	3 156 103 is_stmt 0             @ ../../../../Library/StdDriver/src/sys.c:156:103
	mov	r1, r0
	ands	r1, r4
	movs	r3, #1
	.loc	3 156 84                        @ ../../../../Library/StdDriver/src/sys.c:156:84
	mov	r5, r3
	lsls	r5, r1
	.loc	3 156 70                        @ ../../../../Library/StdDriver/src/sys.c:156:70
	lsrs	r1, r0, #24
	ldr	r2, __arm_cp.7_1
	.loc	3 156 79                        @ ../../../../Library/StdDriver/src/sys.c:156:79
	ldr	r0, [r1, r2]
	orrs	r0, r5
	str	r0, [r1, r2]
	.loc	3 159 90 is_stmt 1              @ ../../../../Library/StdDriver/src/sys.c:159:90
	ldr	r0, [sp]
	.loc	3 159 105 is_stmt 0             @ ../../../../Library/StdDriver/src/sys.c:159:105
	mov	r1, r0
	ands	r1, r4
	.loc	3 159 86                        @ ../../../../Library/StdDriver/src/sys.c:159:86
	lsls	r3, r1
	.loc	3 159 70                        @ ../../../../Library/StdDriver/src/sys.c:159:70
	lsrs	r1, r0, #24
	.loc	3 159 79                        @ ../../../../Library/StdDriver/src/sys.c:159:79
	ldr	r0, [r1, r2]
	bics	r0, r3
	str	r0, [r1, r2]
	.loc	3 161 1 epilogue_begin is_stmt 1 @ ../../../../Library/StdDriver/src/sys.c:161:1
	add	sp, #4
	pop	{r4, r5, r7, pc}
.Ltmp15:
	.p2align	2
@ %bb.1:
	.loc	3 0 1 is_stmt 0                 @ ../../../../Library/StdDriver/src/sys.c:0:1
__arm_cp.7_0:
	.long	16777215                        @ 0xffffff
.Lcpi_end6:
	.size	__arm_cp.7_0, .Lcpi_end6-__arm_cp.7_0
__arm_cp.7_1:
	.long	1342177288                      @ 0x50000008
.Lcpi_end7:
	.size	__arm_cp.7_1, .Lcpi_end7-__arm_cp.7_1
.Lfunc_end7:
	.size	SYS_ResetModule, .Lfunc_end7-SYS_ResetModule
	.cfi_endproc
	.cantunwind
	.fnend
                                        @ -- End function
	.section	.text.SYS_EnableBOD,"ax",%progbits
	.hidden	SYS_EnableBOD                   @ -- Begin function SYS_EnableBOD
	.globl	SYS_EnableBOD
	.p2align	2
	.type	SYS_EnableBOD,%function
	.code	16                              @ @SYS_EnableBOD
	.thumb_func
SYS_EnableBOD:
.Lfunc_begin8:
	.loc	3 179 0 is_stmt 1               @ ../../../../Library/StdDriver/src/sys.c:179:0
	.fnstart
	.cfi_startproc
@ %bb.0:
	.pad	#8
	sub	sp, #8
	.cfi_def_cfa_offset 8
	str	r0, [sp, #4]
	str	r1, [sp]
	ldr	r1, __arm_cp.8_0
.Ltmp16:
	.loc	3 180 16 prologue_end           @ ../../../../Library/StdDriver/src/sys.c:180:16
	ldr	r0, [r1]
	movs	r2, #1
	orrs	r0, r2
	str	r0, [r1]
	.loc	3 181 24                        @ ../../../../Library/StdDriver/src/sys.c:181:24
	ldr	r0, [r1]
	movs	r2, #8
	.loc	3 181 30 is_stmt 0              @ ../../../../Library/StdDriver/src/sys.c:181:30
	bics	r0, r2
	.loc	3 181 60                        @ ../../../../Library/StdDriver/src/sys.c:181:60
	ldr	r2, [sp, #4]
	.loc	3 181 58                        @ ../../../../Library/StdDriver/src/sys.c:181:58
	orrs	r0, r2
	.loc	3 181 16                        @ ../../../../Library/StdDriver/src/sys.c:181:16
	str	r0, [r1]
	.loc	3 182 24 is_stmt 1              @ ../../../../Library/StdDriver/src/sys.c:182:24
	ldr	r0, [r1]
	movs	r2, #6
	.loc	3 182 30 is_stmt 0              @ ../../../../Library/StdDriver/src/sys.c:182:30
	bics	r0, r2
	.loc	3 182 57                        @ ../../../../Library/StdDriver/src/sys.c:182:57
	ldr	r2, [sp]
	.loc	3 182 55                        @ ../../../../Library/StdDriver/src/sys.c:182:55
	orrs	r0, r2
	.loc	3 182 16                        @ ../../../../Library/StdDriver/src/sys.c:182:16
	str	r0, [r1]
	.loc	3 183 1 epilogue_begin is_stmt 1 @ ../../../../Library/StdDriver/src/sys.c:183:1
	add	sp, #8
	bx	lr
.Ltmp17:
	.p2align	2
@ %bb.1:
	.loc	3 0 1 is_stmt 0                 @ ../../../../Library/StdDriver/src/sys.c:0:1
__arm_cp.8_0:
	.long	1342177304                      @ 0x50000018
.Lcpi_end8:
	.size	__arm_cp.8_0, .Lcpi_end8-__arm_cp.8_0
.Lfunc_end8:
	.size	SYS_EnableBOD, .Lfunc_end8-SYS_EnableBOD
	.cfi_endproc
	.cantunwind
	.fnend
                                        @ -- End function
	.section	.text.SYS_DisableBOD,"ax",%progbits
	.hidden	SYS_DisableBOD                  @ -- Begin function SYS_DisableBOD
	.globl	SYS_DisableBOD
	.p2align	2
	.type	SYS_DisableBOD,%function
	.code	16                              @ @SYS_DisableBOD
	.thumb_func
SYS_DisableBOD:
.Lfunc_begin9:
	.loc	3 192 0 is_stmt 1               @ ../../../../Library/StdDriver/src/sys.c:192:0
	.fnstart
	.cfi_startproc
@ %bb.0:
	ldr	r1, __arm_cp.9_0
.Ltmp18:
	.loc	3 193 16 prologue_end           @ ../../../../Library/StdDriver/src/sys.c:193:16
	ldr	r0, [r1]
	movs	r2, #1
	bics	r0, r2
	str	r0, [r1]
	.loc	3 194 1                         @ ../../../../Library/StdDriver/src/sys.c:194:1
	bx	lr
.Ltmp19:
	.p2align	2
@ %bb.1:
	.loc	3 0 1 is_stmt 0                 @ ../../../../Library/StdDriver/src/sys.c:0:1
__arm_cp.9_0:
	.long	1342177304                      @ 0x50000018
.Lcpi_end9:
	.size	__arm_cp.9_0, .Lcpi_end9-__arm_cp.9_0
.Lfunc_end9:
	.size	SYS_DisableBOD, .Lfunc_end9-SYS_DisableBOD
	.cfi_endproc
	.cantunwind
	.fnend
                                        @ -- End function
	.section	.debug_abbrev,"",%progbits
	.byte	1                               @ Abbreviation Code
	.byte	17                              @ DW_TAG_compile_unit
	.byte	1                               @ DW_CHILDREN_yes
	.byte	37                              @ DW_AT_producer
	.byte	14                              @ DW_FORM_strp
	.byte	19                              @ DW_AT_language
	.byte	5                               @ DW_FORM_data2
	.byte	3                               @ DW_AT_name
	.byte	14                              @ DW_FORM_strp
	.byte	16                              @ DW_AT_stmt_list
	.byte	23                              @ DW_FORM_sec_offset
	.byte	27                              @ DW_AT_comp_dir
	.byte	14                              @ DW_FORM_strp
	.byte	17                              @ DW_AT_low_pc
	.byte	1                               @ DW_FORM_addr
	.byte	85                              @ DW_AT_ranges
	.byte	23                              @ DW_FORM_sec_offset
	.byte	0                               @ EOM(1)
	.byte	0                               @ EOM(2)
	.byte	2                               @ Abbreviation Code
	.byte	15                              @ DW_TAG_pointer_type
	.byte	0                               @ DW_CHILDREN_no
	.byte	73                              @ DW_AT_type
	.byte	19                              @ DW_FORM_ref4
	.byte	0                               @ EOM(1)
	.byte	0                               @ EOM(2)
	.byte	3                               @ Abbreviation Code
	.byte	22                              @ DW_TAG_typedef
	.byte	0                               @ DW_CHILDREN_no
	.byte	73                              @ DW_AT_type
	.byte	19                              @ DW_FORM_ref4
	.byte	3                               @ DW_AT_name
	.byte	14                              @ DW_FORM_strp
	.byte	58                              @ DW_AT_decl_file
	.byte	11                              @ DW_FORM_data1
	.byte	59                              @ DW_AT_decl_line
	.byte	5                               @ DW_FORM_data2
	.byte	0                               @ EOM(1)
	.byte	0                               @ EOM(2)
	.byte	4                               @ Abbreviation Code
	.byte	19                              @ DW_TAG_structure_type
	.byte	1                               @ DW_CHILDREN_yes
	.byte	11                              @ DW_AT_byte_size
	.byte	5                               @ DW_FORM_data2
	.byte	58                              @ DW_AT_decl_file
	.byte	11                              @ DW_FORM_data1
	.byte	59                              @ DW_AT_decl_line
	.byte	5                               @ DW_FORM_data2
	.byte	0                               @ EOM(1)
	.byte	0                               @ EOM(2)
	.byte	5                               @ Abbreviation Code
	.byte	13                              @ DW_TAG_member
	.byte	0                               @ DW_CHILDREN_no
	.byte	3                               @ DW_AT_name
	.byte	14                              @ DW_FORM_strp
	.byte	73                              @ DW_AT_type
	.byte	19                              @ DW_FORM_ref4
	.byte	58                              @ DW_AT_decl_file
	.byte	11                              @ DW_FORM_data1
	.byte	59                              @ DW_AT_decl_line
	.byte	5                               @ DW_FORM_data2
	.byte	56                              @ DW_AT_data_member_location
	.byte	11                              @ DW_FORM_data1
	.byte	0                               @ EOM(1)
	.byte	0                               @ EOM(2)
	.byte	6                               @ Abbreviation Code
	.byte	13                              @ DW_TAG_member
	.byte	0                               @ DW_CHILDREN_no
	.byte	3                               @ DW_AT_name
	.byte	14                              @ DW_FORM_strp
	.byte	73                              @ DW_AT_type
	.byte	19                              @ DW_FORM_ref4
	.byte	58                              @ DW_AT_decl_file
	.byte	11                              @ DW_FORM_data1
	.byte	59                              @ DW_AT_decl_line
	.byte	5                               @ DW_FORM_data2
	.byte	56                              @ DW_AT_data_member_location
	.byte	5                               @ DW_FORM_data2
	.byte	0                               @ EOM(1)
	.byte	0                               @ EOM(2)
	.byte	7                               @ Abbreviation Code
	.byte	38                              @ DW_TAG_const_type
	.byte	0                               @ DW_CHILDREN_no
	.byte	73                              @ DW_AT_type
	.byte	19                              @ DW_FORM_ref4
	.byte	0                               @ EOM(1)
	.byte	0                               @ EOM(2)
	.byte	8                               @ Abbreviation Code
	.byte	53                              @ DW_TAG_volatile_type
	.byte	0                               @ DW_CHILDREN_no
	.byte	73                              @ DW_AT_type
	.byte	19                              @ DW_FORM_ref4
	.byte	0                               @ EOM(1)
	.byte	0                               @ EOM(2)
	.byte	9                               @ Abbreviation Code
	.byte	22                              @ DW_TAG_typedef
	.byte	0                               @ DW_CHILDREN_no
	.byte	73                              @ DW_AT_type
	.byte	19                              @ DW_FORM_ref4
	.byte	3                               @ DW_AT_name
	.byte	14                              @ DW_FORM_strp
	.byte	58                              @ DW_AT_decl_file
	.byte	11                              @ DW_FORM_data1
	.byte	59                              @ DW_AT_decl_line
	.byte	11                              @ DW_FORM_data1
	.byte	0                               @ EOM(1)
	.byte	0                               @ EOM(2)
	.byte	10                              @ Abbreviation Code
	.byte	36                              @ DW_TAG_base_type
	.byte	0                               @ DW_CHILDREN_no
	.byte	3                               @ DW_AT_name
	.byte	14                              @ DW_FORM_strp
	.byte	62                              @ DW_AT_encoding
	.byte	11                              @ DW_FORM_data1
	.byte	11                              @ DW_AT_byte_size
	.byte	11                              @ DW_FORM_data1
	.byte	0                               @ EOM(1)
	.byte	0                               @ EOM(2)
	.byte	11                              @ Abbreviation Code
	.byte	1                               @ DW_TAG_array_type
	.byte	1                               @ DW_CHILDREN_yes
	.byte	73                              @ DW_AT_type
	.byte	19                              @ DW_FORM_ref4
	.byte	0                               @ EOM(1)
	.byte	0                               @ EOM(2)
	.byte	12                              @ Abbreviation Code
	.byte	33                              @ DW_TAG_subrange_type
	.byte	0                               @ DW_CHILDREN_no
	.byte	73                              @ DW_AT_type
	.byte	19                              @ DW_FORM_ref4
	.byte	55                              @ DW_AT_count
	.byte	11                              @ DW_FORM_data1
	.byte	0                               @ EOM(1)
	.byte	0                               @ EOM(2)
	.byte	13                              @ Abbreviation Code
	.byte	36                              @ DW_TAG_base_type
	.byte	0                               @ DW_CHILDREN_no
	.byte	3                               @ DW_AT_name
	.byte	14                              @ DW_FORM_strp
	.byte	11                              @ DW_AT_byte_size
	.byte	11                              @ DW_FORM_data1
	.byte	62                              @ DW_AT_encoding
	.byte	11                              @ DW_FORM_data1
	.byte	0                               @ EOM(1)
	.byte	0                               @ EOM(2)
	.byte	14                              @ Abbreviation Code
	.byte	46                              @ DW_TAG_subprogram
	.byte	1                               @ DW_CHILDREN_yes
	.byte	17                              @ DW_AT_low_pc
	.byte	1                               @ DW_FORM_addr
	.byte	18                              @ DW_AT_high_pc
	.byte	6                               @ DW_FORM_data4
	.byte	64                              @ DW_AT_frame_base
	.byte	24                              @ DW_FORM_exprloc
	.byte	3                               @ DW_AT_name
	.byte	14                              @ DW_FORM_strp
	.byte	58                              @ DW_AT_decl_file
	.byte	11                              @ DW_FORM_data1
	.byte	59                              @ DW_AT_decl_line
	.byte	11                              @ DW_FORM_data1
	.byte	39                              @ DW_AT_prototyped
	.byte	25                              @ DW_FORM_flag_present
	.byte	63                              @ DW_AT_external
	.byte	25                              @ DW_FORM_flag_present
	.byte	0                               @ EOM(1)
	.byte	0                               @ EOM(2)
	.byte	15                              @ Abbreviation Code
	.byte	5                               @ DW_TAG_formal_parameter
	.byte	0                               @ DW_CHILDREN_no
	.byte	2                               @ DW_AT_location
	.byte	24                              @ DW_FORM_exprloc
	.byte	3                               @ DW_AT_name
	.byte	14                              @ DW_FORM_strp
	.byte	58                              @ DW_AT_decl_file
	.byte	11                              @ DW_FORM_data1
	.byte	59                              @ DW_AT_decl_line
	.byte	11                              @ DW_FORM_data1
	.byte	73                              @ DW_AT_type
	.byte	19                              @ DW_FORM_ref4
	.byte	0                               @ EOM(1)
	.byte	0                               @ EOM(2)
	.byte	16                              @ Abbreviation Code
	.byte	46                              @ DW_TAG_subprogram
	.byte	0                               @ DW_CHILDREN_no
	.byte	17                              @ DW_AT_low_pc
	.byte	1                               @ DW_FORM_addr
	.byte	18                              @ DW_AT_high_pc
	.byte	6                               @ DW_FORM_data4
	.byte	64                              @ DW_AT_frame_base
	.byte	24                              @ DW_FORM_exprloc
	.byte	3                               @ DW_AT_name
	.byte	14                              @ DW_FORM_strp
	.byte	58                              @ DW_AT_decl_file
	.byte	11                              @ DW_FORM_data1
	.byte	59                              @ DW_AT_decl_line
	.byte	11                              @ DW_FORM_data1
	.byte	39                              @ DW_AT_prototyped
	.byte	25                              @ DW_FORM_flag_present
	.byte	73                              @ DW_AT_type
	.byte	19                              @ DW_FORM_ref4
	.byte	63                              @ DW_AT_external
	.byte	25                              @ DW_FORM_flag_present
	.byte	0                               @ EOM(1)
	.byte	0                               @ EOM(2)
	.byte	17                              @ Abbreviation Code
	.byte	46                              @ DW_TAG_subprogram
	.byte	0                               @ DW_CHILDREN_no
	.byte	17                              @ DW_AT_low_pc
	.byte	1                               @ DW_FORM_addr
	.byte	18                              @ DW_AT_high_pc
	.byte	6                               @ DW_FORM_data4
	.byte	64                              @ DW_AT_frame_base
	.byte	24                              @ DW_FORM_exprloc
	.byte	3                               @ DW_AT_name
	.byte	14                              @ DW_FORM_strp
	.byte	58                              @ DW_AT_decl_file
	.byte	11                              @ DW_FORM_data1
	.byte	59                              @ DW_AT_decl_line
	.byte	11                              @ DW_FORM_data1
	.byte	39                              @ DW_AT_prototyped
	.byte	25                              @ DW_FORM_flag_present
	.byte	63                              @ DW_AT_external
	.byte	25                              @ DW_FORM_flag_present
	.byte	0                               @ EOM(1)
	.byte	0                               @ EOM(2)
	.byte	0                               @ EOM(3)
	.section	.debug_info,"",%progbits
.Lcu_begin0:
	.long	.Ldebug_info_end0-.Ldebug_info_start0 @ Length of Unit
.Ldebug_info_start0:
	.short	4                               @ DWARF version number
	.long	.debug_abbrev                   @ Offset Into Abbrev. Section
	.byte	4                               @ Address Size (in bytes)
	.byte	1                               @ Abbrev [1] 0xb:0x2f4 DW_TAG_compile_unit
	.long	.Linfo_string0                  @ DW_AT_producer
	.short	29                              @ DW_AT_language
	.long	.Linfo_string1                  @ DW_AT_name
	.long	.Lline_table_start0             @ DW_AT_stmt_list
	.long	.Linfo_string2                  @ DW_AT_comp_dir
	.long	0                               @ DW_AT_low_pc
	.long	.Ldebug_ranges0                 @ DW_AT_ranges
	.byte	2                               @ Abbrev [2] 0x26:0x5 DW_TAG_pointer_type
	.long	43                              @ DW_AT_type
	.byte	3                               @ Abbrev [3] 0x2b:0xc DW_TAG_typedef
	.long	55                              @ DW_AT_type
	.long	.Linfo_string34                 @ DW_AT_name
	.byte	2                               @ DW_AT_decl_file
	.short	9358                            @ DW_AT_decl_line
	.byte	4                               @ Abbrev [4] 0x37:0x174 DW_TAG_structure_type
	.short	260                             @ DW_AT_byte_size
	.byte	2                               @ DW_AT_decl_file
	.short	8077                            @ DW_AT_decl_line
	.byte	5                               @ Abbrev [5] 0x3d:0xd DW_TAG_member
	.long	.Linfo_string3                  @ DW_AT_name
	.long	427                             @ DW_AT_type
	.byte	2                               @ DW_AT_decl_file
	.short	9329                            @ DW_AT_decl_line
	.byte	0                               @ DW_AT_data_member_location
	.byte	5                               @ Abbrev [5] 0x4a:0xd DW_TAG_member
	.long	.Linfo_string6                  @ DW_AT_name
	.long	432                             @ DW_AT_type
	.byte	2                               @ DW_AT_decl_file
	.short	9330                            @ DW_AT_decl_line
	.byte	4                               @ DW_AT_data_member_location
	.byte	5                               @ Abbrev [5] 0x57:0xd DW_TAG_member
	.long	.Linfo_string7                  @ DW_AT_name
	.long	432                             @ DW_AT_type
	.byte	2                               @ DW_AT_decl_file
	.short	9331                            @ DW_AT_decl_line
	.byte	8                               @ DW_AT_data_member_location
	.byte	5                               @ Abbrev [5] 0x64:0xd DW_TAG_member
	.long	.Linfo_string8                  @ DW_AT_name
	.long	432                             @ DW_AT_type
	.byte	2                               @ DW_AT_decl_file
	.short	9332                            @ DW_AT_decl_line
	.byte	12                              @ DW_AT_data_member_location
	.byte	5                               @ Abbrev [5] 0x71:0xd DW_TAG_member
	.long	.Linfo_string9                  @ DW_AT_name
	.long	432                             @ DW_AT_type
	.byte	2                               @ DW_AT_decl_file
	.short	9333                            @ DW_AT_decl_line
	.byte	16                              @ DW_AT_data_member_location
	.byte	5                               @ Abbrev [5] 0x7e:0xd DW_TAG_member
	.long	.Linfo_string10                 @ DW_AT_name
	.long	427                             @ DW_AT_type
	.byte	2                               @ DW_AT_decl_file
	.short	9334                            @ DW_AT_decl_line
	.byte	20                              @ DW_AT_data_member_location
	.byte	5                               @ Abbrev [5] 0x8b:0xd DW_TAG_member
	.long	.Linfo_string11                 @ DW_AT_name
	.long	432                             @ DW_AT_type
	.byte	2                               @ DW_AT_decl_file
	.short	9335                            @ DW_AT_decl_line
	.byte	24                              @ DW_AT_data_member_location
	.byte	5                               @ Abbrev [5] 0x98:0xd DW_TAG_member
	.long	.Linfo_string12                 @ DW_AT_name
	.long	432                             @ DW_AT_type
	.byte	2                               @ DW_AT_decl_file
	.short	9336                            @ DW_AT_decl_line
	.byte	28                              @ DW_AT_data_member_location
	.byte	5                               @ Abbrev [5] 0xa5:0xd DW_TAG_member
	.long	.Linfo_string13                 @ DW_AT_name
	.long	427                             @ DW_AT_type
	.byte	2                               @ DW_AT_decl_file
	.short	9337                            @ DW_AT_decl_line
	.byte	32                              @ DW_AT_data_member_location
	.byte	5                               @ Abbrev [5] 0xb2:0xd DW_TAG_member
	.long	.Linfo_string14                 @ DW_AT_name
	.long	432                             @ DW_AT_type
	.byte	2                               @ DW_AT_decl_file
	.short	9338                            @ DW_AT_decl_line
	.byte	36                              @ DW_AT_data_member_location
	.byte	5                               @ Abbrev [5] 0xbf:0xd DW_TAG_member
	.long	.Linfo_string15                 @ DW_AT_name
	.long	455                             @ DW_AT_type
	.byte	2                               @ DW_AT_decl_file
	.short	9339                            @ DW_AT_decl_line
	.byte	40                              @ DW_AT_data_member_location
	.byte	5                               @ Abbrev [5] 0xcc:0xd DW_TAG_member
	.long	.Linfo_string17                 @ DW_AT_name
	.long	432                             @ DW_AT_type
	.byte	2                               @ DW_AT_decl_file
	.short	9340                            @ DW_AT_decl_line
	.byte	48                              @ DW_AT_data_member_location
	.byte	5                               @ Abbrev [5] 0xd9:0xd DW_TAG_member
	.long	.Linfo_string18                 @ DW_AT_name
	.long	432                             @ DW_AT_type
	.byte	2                               @ DW_AT_decl_file
	.short	9341                            @ DW_AT_decl_line
	.byte	52                              @ DW_AT_data_member_location
	.byte	5                               @ Abbrev [5] 0xe6:0xd DW_TAG_member
	.long	.Linfo_string19                 @ DW_AT_name
	.long	432                             @ DW_AT_type
	.byte	2                               @ DW_AT_decl_file
	.short	9342                            @ DW_AT_decl_line
	.byte	56                              @ DW_AT_data_member_location
	.byte	5                               @ Abbrev [5] 0xf3:0xd DW_TAG_member
	.long	.Linfo_string20                 @ DW_AT_name
	.long	432                             @ DW_AT_type
	.byte	2                               @ DW_AT_decl_file
	.short	9343                            @ DW_AT_decl_line
	.byte	60                              @ DW_AT_data_member_location
	.byte	5                               @ Abbrev [5] 0x100:0xd DW_TAG_member
	.long	.Linfo_string21                 @ DW_AT_name
	.long	432                             @ DW_AT_type
	.byte	2                               @ DW_AT_decl_file
	.short	9344                            @ DW_AT_decl_line
	.byte	64                              @ DW_AT_data_member_location
	.byte	5                               @ Abbrev [5] 0x10d:0xd DW_TAG_member
	.long	.Linfo_string22                 @ DW_AT_name
	.long	432                             @ DW_AT_type
	.byte	2                               @ DW_AT_decl_file
	.short	9345                            @ DW_AT_decl_line
	.byte	68                              @ DW_AT_data_member_location
	.byte	5                               @ Abbrev [5] 0x11a:0xd DW_TAG_member
	.long	.Linfo_string23                 @ DW_AT_name
	.long	455                             @ DW_AT_type
	.byte	2                               @ DW_AT_decl_file
	.short	9346                            @ DW_AT_decl_line
	.byte	72                              @ DW_AT_data_member_location
	.byte	5                               @ Abbrev [5] 0x127:0xd DW_TAG_member
	.long	.Linfo_string24                 @ DW_AT_name
	.long	432                             @ DW_AT_type
	.byte	2                               @ DW_AT_decl_file
	.short	9347                            @ DW_AT_decl_line
	.byte	80                              @ DW_AT_data_member_location
	.byte	5                               @ Abbrev [5] 0x134:0xd DW_TAG_member
	.long	.Linfo_string25                 @ DW_AT_name
	.long	427                             @ DW_AT_type
	.byte	2                               @ DW_AT_decl_file
	.short	9348                            @ DW_AT_decl_line
	.byte	84                              @ DW_AT_data_member_location
	.byte	5                               @ Abbrev [5] 0x141:0xd DW_TAG_member
	.long	.Linfo_string26                 @ DW_AT_name
	.long	432                             @ DW_AT_type
	.byte	2                               @ DW_AT_decl_file
	.short	9349                            @ DW_AT_decl_line
	.byte	88                              @ DW_AT_data_member_location
	.byte	5                               @ Abbrev [5] 0x14e:0xd DW_TAG_member
	.long	.Linfo_string27                 @ DW_AT_name
	.long	432                             @ DW_AT_type
	.byte	2                               @ DW_AT_decl_file
	.short	9350                            @ DW_AT_decl_line
	.byte	92                              @ DW_AT_data_member_location
	.byte	5                               @ Abbrev [5] 0x15b:0xd DW_TAG_member
	.long	.Linfo_string28                 @ DW_AT_name
	.long	474                             @ DW_AT_type
	.byte	2                               @ DW_AT_decl_file
	.short	9351                            @ DW_AT_decl_line
	.byte	96                              @ DW_AT_data_member_location
	.byte	5                               @ Abbrev [5] 0x168:0xd DW_TAG_member
	.long	.Linfo_string29                 @ DW_AT_name
	.long	432                             @ DW_AT_type
	.byte	2                               @ DW_AT_decl_file
	.short	9352                            @ DW_AT_decl_line
	.byte	128                             @ DW_AT_data_member_location
	.byte	5                               @ Abbrev [5] 0x175:0xd DW_TAG_member
	.long	.Linfo_string30                 @ DW_AT_name
	.long	432                             @ DW_AT_type
	.byte	2                               @ DW_AT_decl_file
	.short	9353                            @ DW_AT_decl_line
	.byte	132                             @ DW_AT_data_member_location
	.byte	5                               @ Abbrev [5] 0x182:0xd DW_TAG_member
	.long	.Linfo_string31                 @ DW_AT_name
	.long	432                             @ DW_AT_type
	.byte	2                               @ DW_AT_decl_file
	.short	9354                            @ DW_AT_decl_line
	.byte	136                             @ DW_AT_data_member_location
	.byte	5                               @ Abbrev [5] 0x18f:0xd DW_TAG_member
	.long	.Linfo_string32                 @ DW_AT_name
	.long	486                             @ DW_AT_type
	.byte	2                               @ DW_AT_decl_file
	.short	9355                            @ DW_AT_decl_line
	.byte	140                             @ DW_AT_data_member_location
	.byte	6                               @ Abbrev [6] 0x19c:0xe DW_TAG_member
	.long	.Linfo_string33                 @ DW_AT_name
	.long	432                             @ DW_AT_type
	.byte	2                               @ DW_AT_decl_file
	.short	9356                            @ DW_AT_decl_line
	.short	256                             @ DW_AT_data_member_location
	.byte	0                               @ End Of Children Mark
	.byte	7                               @ Abbrev [7] 0x1ab:0x5 DW_TAG_const_type
	.long	432                             @ DW_AT_type
	.byte	8                               @ Abbrev [8] 0x1b0:0x5 DW_TAG_volatile_type
	.long	437                             @ DW_AT_type
	.byte	9                               @ Abbrev [9] 0x1b5:0xb DW_TAG_typedef
	.long	448                             @ DW_AT_type
	.long	.Linfo_string5                  @ DW_AT_name
	.byte	1                               @ DW_AT_decl_file
	.byte	64                              @ DW_AT_decl_line
	.byte	10                              @ Abbrev [10] 0x1c0:0x7 DW_TAG_base_type
	.long	.Linfo_string4                  @ DW_AT_name
	.byte	7                               @ DW_AT_encoding
	.byte	4                               @ DW_AT_byte_size
	.byte	11                              @ Abbrev [11] 0x1c7:0xc DW_TAG_array_type
	.long	427                             @ DW_AT_type
	.byte	12                              @ Abbrev [12] 0x1cc:0x6 DW_TAG_subrange_type
	.long	467                             @ DW_AT_type
	.byte	2                               @ DW_AT_count
	.byte	0                               @ End Of Children Mark
	.byte	13                              @ Abbrev [13] 0x1d3:0x7 DW_TAG_base_type
	.long	.Linfo_string16                 @ DW_AT_name
	.byte	8                               @ DW_AT_byte_size
	.byte	7                               @ DW_AT_encoding
	.byte	11                              @ Abbrev [11] 0x1da:0xc DW_TAG_array_type
	.long	427                             @ DW_AT_type
	.byte	12                              @ Abbrev [12] 0x1df:0x6 DW_TAG_subrange_type
	.long	467                             @ DW_AT_type
	.byte	8                               @ DW_AT_count
	.byte	0                               @ End Of Children Mark
	.byte	11                              @ Abbrev [11] 0x1e6:0xc DW_TAG_array_type
	.long	427                             @ DW_AT_type
	.byte	12                              @ Abbrev [12] 0x1eb:0x6 DW_TAG_subrange_type
	.long	467                             @ DW_AT_type
	.byte	29                              @ DW_AT_count
	.byte	0                               @ End Of Children Mark
	.byte	2                               @ Abbrev [2] 0x1f2:0x5 DW_TAG_pointer_type
	.long	432                             @ DW_AT_type
	.byte	14                              @ Abbrev [14] 0x1f7:0x20 DW_TAG_subprogram
	.long	.Lfunc_begin0                   @ DW_AT_low_pc
	.long	.Lfunc_end0-.Lfunc_begin0       @ DW_AT_high_pc
	.byte	1                               @ DW_AT_frame_base
	.byte	93
	.long	.Linfo_string35                 @ DW_AT_name
	.byte	3                               @ DW_AT_decl_file
	.byte	45                              @ DW_AT_decl_line
                                        @ DW_AT_prototyped
                                        @ DW_AT_external
	.byte	15                              @ Abbrev [15] 0x208:0xe DW_TAG_formal_parameter
	.byte	2                               @ DW_AT_location
	.byte	145
	.byte	0
	.long	.Linfo_string45                 @ DW_AT_name
	.byte	3                               @ DW_AT_decl_file
	.byte	45                              @ DW_AT_decl_line
	.long	437                             @ DW_AT_type
	.byte	0                               @ End Of Children Mark
	.byte	16                              @ Abbrev [16] 0x217:0x15 DW_TAG_subprogram
	.long	.Lfunc_begin1                   @ DW_AT_low_pc
	.long	.Lfunc_end1-.Lfunc_begin1       @ DW_AT_high_pc
	.byte	1                               @ DW_AT_frame_base
	.byte	93
	.long	.Linfo_string36                 @ DW_AT_name
	.byte	3                               @ DW_AT_decl_file
	.byte	58                              @ DW_AT_decl_line
                                        @ DW_AT_prototyped
	.long	437                             @ DW_AT_type
                                        @ DW_AT_external
	.byte	16                              @ Abbrev [16] 0x22c:0x15 DW_TAG_subprogram
	.long	.Lfunc_begin2                   @ DW_AT_low_pc
	.long	.Lfunc_end2-.Lfunc_begin2       @ DW_AT_high_pc
	.byte	1                               @ DW_AT_frame_base
	.byte	93
	.long	.Linfo_string37                 @ DW_AT_name
	.byte	3                               @ DW_AT_decl_file
	.byte	69                              @ DW_AT_decl_line
                                        @ DW_AT_prototyped
	.long	437                             @ DW_AT_type
                                        @ DW_AT_external
	.byte	16                              @ Abbrev [16] 0x241:0x15 DW_TAG_subprogram
	.long	.Lfunc_begin3                   @ DW_AT_low_pc
	.long	.Lfunc_end3-.Lfunc_begin3       @ DW_AT_high_pc
	.byte	1                               @ DW_AT_frame_base
	.byte	93
	.long	.Linfo_string38                 @ DW_AT_name
	.byte	3                               @ DW_AT_decl_file
	.byte	81                              @ DW_AT_decl_line
                                        @ DW_AT_prototyped
	.long	437                             @ DW_AT_type
                                        @ DW_AT_external
	.byte	16                              @ Abbrev [16] 0x256:0x15 DW_TAG_subprogram
	.long	.Lfunc_begin4                   @ DW_AT_low_pc
	.long	.Lfunc_end4-.Lfunc_begin4       @ DW_AT_high_pc
	.byte	1                               @ DW_AT_frame_base
	.byte	93
	.long	.Linfo_string39                 @ DW_AT_name
	.byte	3                               @ DW_AT_decl_file
	.byte	92                              @ DW_AT_decl_line
                                        @ DW_AT_prototyped
	.long	437                             @ DW_AT_type
                                        @ DW_AT_external
	.byte	17                              @ Abbrev [17] 0x26b:0x11 DW_TAG_subprogram
	.long	.Lfunc_begin5                   @ DW_AT_low_pc
	.long	.Lfunc_end5-.Lfunc_begin5       @ DW_AT_high_pc
	.byte	1                               @ DW_AT_frame_base
	.byte	93
	.long	.Linfo_string40                 @ DW_AT_name
	.byte	3                               @ DW_AT_decl_file
	.byte	103                             @ DW_AT_decl_line
                                        @ DW_AT_prototyped
                                        @ DW_AT_external
	.byte	17                              @ Abbrev [17] 0x27c:0x11 DW_TAG_subprogram
	.long	.Lfunc_begin6                   @ DW_AT_low_pc
	.long	.Lfunc_end6-.Lfunc_begin6       @ DW_AT_high_pc
	.byte	1                               @ DW_AT_frame_base
	.byte	93
	.long	.Linfo_string41                 @ DW_AT_name
	.byte	3                               @ DW_AT_decl_file
	.byte	114                             @ DW_AT_decl_line
                                        @ DW_AT_prototyped
                                        @ DW_AT_external
	.byte	14                              @ Abbrev [14] 0x28d:0x20 DW_TAG_subprogram
	.long	.Lfunc_begin7                   @ DW_AT_low_pc
	.long	.Lfunc_end7-.Lfunc_begin7       @ DW_AT_high_pc
	.byte	1                               @ DW_AT_frame_base
	.byte	93
	.long	.Linfo_string42                 @ DW_AT_name
	.byte	3                               @ DW_AT_decl_file
	.byte	153                             @ DW_AT_decl_line
                                        @ DW_AT_prototyped
                                        @ DW_AT_external
	.byte	15                              @ Abbrev [15] 0x29e:0xe DW_TAG_formal_parameter
	.byte	2                               @ DW_AT_location
	.byte	145
	.byte	0
	.long	.Linfo_string46                 @ DW_AT_name
	.byte	3                               @ DW_AT_decl_file
	.byte	153                             @ DW_AT_decl_line
	.long	437                             @ DW_AT_type
	.byte	0                               @ End Of Children Mark
	.byte	14                              @ Abbrev [14] 0x2ad:0x2e DW_TAG_subprogram
	.long	.Lfunc_begin8                   @ DW_AT_low_pc
	.long	.Lfunc_end8-.Lfunc_begin8       @ DW_AT_high_pc
	.byte	1                               @ DW_AT_frame_base
	.byte	93
	.long	.Linfo_string43                 @ DW_AT_name
	.byte	3                               @ DW_AT_decl_file
	.byte	178                             @ DW_AT_decl_line
                                        @ DW_AT_prototyped
                                        @ DW_AT_external
	.byte	15                              @ Abbrev [15] 0x2be:0xe DW_TAG_formal_parameter
	.byte	2                               @ DW_AT_location
	.byte	145
	.byte	4
	.long	.Linfo_string47                 @ DW_AT_name
	.byte	3                               @ DW_AT_decl_file
	.byte	178                             @ DW_AT_decl_line
	.long	748                             @ DW_AT_type
	.byte	15                              @ Abbrev [15] 0x2cc:0xe DW_TAG_formal_parameter
	.byte	2                               @ DW_AT_location
	.byte	145
	.byte	0
	.long	.Linfo_string50                 @ DW_AT_name
	.byte	3                               @ DW_AT_decl_file
	.byte	178                             @ DW_AT_decl_line
	.long	437                             @ DW_AT_type
	.byte	0                               @ End Of Children Mark
	.byte	17                              @ Abbrev [17] 0x2db:0x11 DW_TAG_subprogram
	.long	.Lfunc_begin9                   @ DW_AT_low_pc
	.long	.Lfunc_end9-.Lfunc_begin9       @ DW_AT_high_pc
	.byte	1                               @ DW_AT_frame_base
	.byte	93
	.long	.Linfo_string44                 @ DW_AT_name
	.byte	3                               @ DW_AT_decl_file
	.byte	191                             @ DW_AT_decl_line
                                        @ DW_AT_prototyped
                                        @ DW_AT_external
	.byte	9                               @ Abbrev [9] 0x2ec:0xb DW_TAG_typedef
	.long	759                             @ DW_AT_type
	.long	.Linfo_string49                 @ DW_AT_name
	.byte	1                               @ DW_AT_decl_file
	.byte	58                              @ DW_AT_decl_line
	.byte	10                              @ Abbrev [10] 0x2f7:0x7 DW_TAG_base_type
	.long	.Linfo_string48                 @ DW_AT_name
	.byte	5                               @ DW_AT_encoding
	.byte	4                               @ DW_AT_byte_size
	.byte	0                               @ End Of Children Mark
.Ldebug_info_end0:
	.section	.debug_ranges,"",%progbits
.Ldebug_ranges0:
	.long	.Lfunc_begin0
	.long	.Lfunc_end0
	.long	.Lfunc_begin1
	.long	.Lfunc_end1
	.long	.Lfunc_begin2
	.long	.Lfunc_end2
	.long	.Lfunc_begin3
	.long	.Lfunc_end3
	.long	.Lfunc_begin4
	.long	.Lfunc_end4
	.long	.Lfunc_begin5
	.long	.Lfunc_end5
	.long	.Lfunc_begin6
	.long	.Lfunc_end6
	.long	.Lfunc_begin7
	.long	.Lfunc_end7
	.long	.Lfunc_begin8
	.long	.Lfunc_end8
	.long	.Lfunc_begin9
	.long	.Lfunc_end9
	.long	0
	.long	0
	.section	.debug_str,"MS",%progbits,1
.Linfo_string0:
	.asciz	"Component: Arm Compiler for Embedded 6.21 Tool: armclang [5ec1fd00]" @ string offset=0
.Linfo_string1:
	.asciz	"../../../../Library/StdDriver/src\\sys.c" @ string offset=68
.Linfo_string2:
	.asciz	"C:\\Users\\nguye\\Desktop\\crc\\SampleCode\\ExampleCode\\NUC240_Software_CRC\\KEIL" @ string offset=108
.Linfo_string3:
	.asciz	"PDID"                          @ string offset=183
.Linfo_string4:
	.asciz	"unsigned int"                  @ string offset=188
.Linfo_string5:
	.asciz	"uint32_t"                      @ string offset=201
.Linfo_string6:
	.asciz	"RSTSRC"                        @ string offset=210
.Linfo_string7:
	.asciz	"IPRSTC1"                       @ string offset=217
.Linfo_string8:
	.asciz	"IPRSTC2"                       @ string offset=225
.Linfo_string9:
	.asciz	"IPRSTC3"                       @ string offset=233
.Linfo_string10:
	.asciz	"RESERVE0"                      @ string offset=241
.Linfo_string11:
	.asciz	"BODCR"                         @ string offset=250
.Linfo_string12:
	.asciz	"TEMPCR"                        @ string offset=256
.Linfo_string13:
	.asciz	"RESERVE1"                      @ string offset=263
.Linfo_string14:
	.asciz	"PORCR"                         @ string offset=272
.Linfo_string15:
	.asciz	"RESERVE2"                      @ string offset=278
.Linfo_string16:
	.asciz	"__ARRAY_SIZE_TYPE__"           @ string offset=287
.Linfo_string17:
	.asciz	"GPA_MFP"                       @ string offset=307
.Linfo_string18:
	.asciz	"GPB_MFP"                       @ string offset=315
.Linfo_string19:
	.asciz	"GPC_MFP"                       @ string offset=323
.Linfo_string20:
	.asciz	"GPD_MFP"                       @ string offset=331
.Linfo_string21:
	.asciz	"GPE_MFP"                       @ string offset=339
.Linfo_string22:
	.asciz	"GPF_MFP"                       @ string offset=347
.Linfo_string23:
	.asciz	"RESERVE3"                      @ string offset=355
.Linfo_string24:
	.asciz	"ALT_MFP"                       @ string offset=364
.Linfo_string25:
	.asciz	"RESERVE4"                      @ string offset=372
.Linfo_string26:
	.asciz	"ALT_MFP1"                      @ string offset=381
.Linfo_string27:
	.asciz	"ALT_MFP2"                      @ string offset=390
.Linfo_string28:
	.asciz	"RESERVE5"                      @ string offset=399
.Linfo_string29:
	.asciz	"IRCTRIMCTL"                    @ string offset=408
.Linfo_string30:
	.asciz	"IRCTRIMIEN"                    @ string offset=419
.Linfo_string31:
	.asciz	"IRCTRIMINT"                    @ string offset=430
.Linfo_string32:
	.asciz	"RESERVE6"                      @ string offset=441
.Linfo_string33:
	.asciz	"REGWRPROT"                     @ string offset=450
.Linfo_string34:
	.asciz	"GCR_T"                         @ string offset=460
.Linfo_string35:
	.asciz	"SYS_ClearResetSrc"             @ string offset=466
.Linfo_string36:
	.asciz	"SYS_GetBODStatus"              @ string offset=484
.Linfo_string37:
	.asciz	"SYS_GetResetSrc"               @ string offset=501
.Linfo_string38:
	.asciz	"SYS_IsRegLocked"               @ string offset=517
.Linfo_string39:
	.asciz	"SYS_ReadPDID"                  @ string offset=533
.Linfo_string40:
	.asciz	"SYS_ResetChip"                 @ string offset=546
.Linfo_string41:
	.asciz	"SYS_ResetCPU"                  @ string offset=560
.Linfo_string42:
	.asciz	"SYS_ResetModule"               @ string offset=573
.Linfo_string43:
	.asciz	"SYS_EnableBOD"                 @ string offset=589
.Linfo_string44:
	.asciz	"SYS_DisableBOD"                @ string offset=603
.Linfo_string45:
	.asciz	"u32Src"                        @ string offset=618
.Linfo_string46:
	.asciz	"u32ModuleIndex"                @ string offset=625
.Linfo_string47:
	.asciz	"i32Mode"                       @ string offset=640
.Linfo_string48:
	.asciz	"int"                           @ string offset=648
.Linfo_string49:
	.asciz	"int32_t"                       @ string offset=652
.Linfo_string50:
	.asciz	"u32BODLevel"                   @ string offset=660
	.ident	"Component: Arm Compiler for Embedded 6.21 Tool: armclang [5ec1fd00]"
	.section	".note.GNU-stack","",%progbits
	.eabi_attribute	30, 6	@ Tag_ABI_optimization_goals
	.ARM_attribute	16, 1	@ Tag_AV_eba
	.section	.debug_line,"",%progbits
.Lline_table_start0:
